A50 Downhill Tracks
	 Track type Downhill | Date 2022-12-26 | Time 11:06:10 | Duration [s] 279 | Length [m] 1111
	 Track type Downhill | Date 2022-12-26 | Time 11:27:44 | Duration [s] 125 | Length [m] 909
	 Track type Downhill | Date 2022-12-26 | Time 11:38:50 | Duration [s] 99 | Length [m] 826
	 Track type Downhill | Date 2022-12-26 | Time 11:48:26 | Duration [s] 166 | Length [m] 1105
	 Track type Downhill | Date 2022-12-26 | Time 12:00:33 | Duration [s] 141 | Length [m] 886
	 Track type Downhill | Date 2022-12-26 | Time 12:10:46 | Duration [s] 163 | Length [m] 900
	 Track type Downhill | Date 2022-12-26 | Time 12:27:32 | Duration [s] 131 | Length [m] 879
	 Track type Downhill | Date 2022-12-26 | Time 12:40:37 | Duration [s] 193 | Length [m] 889
	 Track type Downhill | Date 2022-12-26 | Time 12:51:31 | Duration [s] 129 | Length [m] 862
	 Track type Downhill | Date 2022-12-26 | Time 13:04:29 | Duration [s] 286 | Length [m] 1070
	 Track type Downhill | Date 2022-12-26 | Time 13:19:20 | Duration [s] 236 | Length [m] 949
	 Track type Downhill | Date 2022-12-26 | Time 13:31:45 | Duration [s] 235 | Length [m] 1107
	 Track type Downhill | Date 2022-12-26 | Time 13:49:57 | Duration [s] 309 | Length [m] 1117
	 Track type Downhill | Date 2022-12-26 | Time 14:04:21 | Duration [s] 86 | Length [m] 887
	 Track type Downhill | Date 2022-12-26 | Time 14:14:40 | Duration [s] 77 | Length [m] 826
	 Track type Downhill | Date 2022-12-26 | Time 14:25:51 | Duration [s] 79 | Length [m] 878
	 Track type Downhill | Date 2022-12-26 | Time 14:37:21 | Duration [s] 77 | Length [m] 844
	 Track type Downhill | Date 2022-12-26 | Time 14:48:05 | Duration [s] 150 | Length [m] 942
A50 All Tracks
	 Track type Hold | Date 2022-12-26 | Time 10:47:46 | Duration [s] 118 | Length [m] 43
	 Track type Walk | Date 2022-12-26 | Time 10:49:44 | Duration [s] 157 | Length [m] 127
	 Track type Hold | Date 2022-12-26 | Time 10:52:21 | Duration [s] 141 | Length [m] 27
	 Track type Walk | Date 2022-12-26 | Time 10:54:42 | Duration [s] 101 | Length [m] 74
	 Track type Hold | Date 2022-12-26 | Time 10:56:23 | Duration [s] 73 | Length [m] 23
	 Track type Lift | Date 2022-12-26 | Time 10:57:36 | Duration [s] 514 | Length [m] 842
	 Track type Downhill | Date 2022-12-26 | Time 11:06:10 | Duration [s] 279 | Length [m] 1111
	 Track type Walk | Date 2022-12-26 | Time 11:10:49 | Duration [s] 100 | Length [m] 70
	 Track type Hold | Date 2022-12-26 | Time 11:12:29 | Duration [s] 119 | Length [m] 127
	 Track type Walk | Date 2022-12-26 | Time 11:14:28 | Duration [s] 339 | Length [m] 369
	 Track type Lift | Date 2022-12-26 | Time 11:20:07 | Duration [s] 457 | Length [m] 781
	 Track type Downhill | Date 2022-12-26 | Time 11:27:44 | Duration [s] 125 | Length [m] 909
	 Track type Hold | Date 2022-12-26 | Time 11:29:49 | Duration [s] 60 | Length [m] 17
	 Track type Walk | Date 2022-12-26 | Time 11:30:49 | Duration [s] 66 | Length [m] 72
	 Track type Lift | Date 2022-12-26 | Time 11:31:55 | Duration [s] 415 | Length [m] 735
	 Track type Downhill | Date 2022-12-26 | Time 11:38:50 | Duration [s] 99 | Length [m] 826
	 Track type Walk | Date 2022-12-26 | Time 11:40:29 | Duration [s] 59 | Length [m] 46
	 Track type Lift | Date 2022-12-26 | Time 11:41:28 | Duration [s] 336 | Length [m] 796
	 Track type Walk | Date 2022-12-26 | Time 11:47:04 | Duration [s] 82 | Length [m] 158
	 Track type Downhill | Date 2022-12-26 | Time 11:48:26 | Duration [s] 166 | Length [m] 1105
	 Track type Hold | Date 2022-12-26 | Time 11:51:12 | Duration [s] 83 | Length [m] 23
	 Track type Lift | Date 2022-12-26 | Time 11:52:35 | Duration [s] 478 | Length [m] 817
	 Track type Downhill | Date 2022-12-26 | Time 12:00:33 | Duration [s] 141 | Length [m] 886
	 Track type Walk | Date 2022-12-26 | Time 12:02:54 | Duration [s] 50 | Length [m] 43
	 Track type Lift | Date 2022-12-26 | Time 12:03:44 | Duration [s] 422 | Length [m] 744
	 Track type Downhill | Date 2022-12-26 | Time 12:10:46 | Duration [s] 163 | Length [m] 900
	 Track type Walk | Date 2022-12-26 | Time 12:13:29 | Duration [s] 48 | Length [m] 37
	 Track type Lift | Date 2022-12-26 | Time 12:14:17 | Duration [s] 448 | Length [m] 795
	 Track type Hold | Date 2022-12-26 | Time 12:21:45 | Duration [s] 347 | Length [m] 54
	 Track type Downhill | Date 2022-12-26 | Time 12:27:32 | Duration [s] 131 | Length [m] 879
	 Track type Hold | Date 2022-12-26 | Time 12:29:43 | Duration [s] 129 | Length [m] 35
	 Track type Lift | Date 2022-12-26 | Time 12:31:52 | Duration [s] 525 | Length [m] 833
	 Track type Downhill | Date 2022-12-26 | Time 12:40:37 | Duration [s] 193 | Length [m] 889
	 Track type Lift | Date 2022-12-26 | Time 12:43:50 | Duration [s] 461 | Length [m] 843
	 Track type Downhill | Date 2022-12-26 | Time 12:51:31 | Duration [s] 129 | Length [m] 862
	 Track type Walk | Date 2022-12-26 | Time 12:53:40 | Duration [s] 63 | Length [m] 36
	 Track type Lift | Date 2022-12-26 | Time 12:54:43 | Duration [s] 428 | Length [m] 813
	 Track type Hold | Date 2022-12-26 | Time 13:01:51 | Duration [s] 158 | Length [m] 10
	 Track type Downhill | Date 2022-12-26 | Time 13:04:29 | Duration [s] 286 | Length [m] 1070
	 Track type Walk | Date 2022-12-26 | Time 13:09:15 | Duration [s] 93 | Length [m] 87
	 Track type Lift | Date 2022-12-26 | Time 13:10:48 | Duration [s] 375 | Length [m] 730
	 Track type Walk | Date 2022-12-26 | Time 13:17:03 | Duration [s] 80 | Length [m] 146
	 Track type Hold | Date 2022-12-26 | Time 13:18:23 | Duration [s] 57 | Length [m] 11
	 Track type Downhill | Date 2022-12-26 | Time 13:19:20 | Duration [s] 236 | Length [m] 949
	 Track type Walk | Date 2022-12-26 | Time 13:23:16 | Duration [s] 109 | Length [m] 92
	 Track type Lift | Date 2022-12-26 | Time 13:25:05 | Duration [s] 400 | Length [m] 788
	 Track type Downhill | Date 2022-12-26 | Time 13:31:45 | Duration [s] 235 | Length [m] 1107
	 Track type Walk | Date 2022-12-26 | Time 13:35:40 | Duration [s] 101 | Length [m] 72
	 Track type Lift | Date 2022-12-26 | Time 13:37:21 | Duration [s] 427 | Length [m] 803
	 Track type Hold | Date 2022-12-26 | Time 13:44:28 | Duration [s] 58 | Length [m] 11
	 Track type Walk | Date 2022-12-26 | Time 13:45:26 | Duration [s] 22 | Length [m] 8
	 Track type Hold | Date 2022-12-26 | Time 13:45:48 | Duration [s] 249 | Length [m] 42
	 Track type Downhill | Date 2022-12-26 | Time 13:49:57 | Duration [s] 309 | Length [m] 1117
	 Track type Hold | Date 2022-12-26 | Time 13:55:06 | Duration [s] 45 | Length [m] 6
	 Track type Walk | Date 2022-12-26 | Time 13:55:51 | Duration [s] 119 | Length [m] 96
	 Track type Lift | Date 2022-12-26 | Time 13:57:50 | Duration [s] 391 | Length [m] 763
	 Track type Downhill | Date 2022-12-26 | Time 14:04:21 | Duration [s] 86 | Length [m] 887
	 Track type Walk | Date 2022-12-26 | Time 14:05:47 | Duration [s] 72 | Length [m] 38
	 Track type Lift | Date 2022-12-26 | Time 14:06:59 | Duration [s] 461 | Length [m] 806
	 Track type Downhill | Date 2022-12-26 | Time 14:14:40 | Duration [s] 77 | Length [m] 826
	 Track type Hold | Date 2022-12-26 | Time 14:15:57 | Duration [s] 46 | Length [m] 8
	 Track type Walk | Date 2022-12-26 | Time 14:16:43 | Duration [s] 114 | Length [m] 114
	 Track type Lift | Date 2022-12-26 | Time 14:18:37 | Duration [s] 434 | Length [m] 772
	 Track type Downhill | Date 2022-12-26 | Time 14:25:51 | Duration [s] 79 | Length [m] 878
	 Track type Walk | Date 2022-12-26 | Time 14:27:10 | Duration [s] 142 | Length [m] 80
	 Track type Lift | Date 2022-12-26 | Time 14:29:32 | Duration [s] 469 | Length [m] 811
	 Track type Downhill | Date 2022-12-26 | Time 14:37:21 | Duration [s] 77 | Length [m] 844
	 Track type Walk | Date 2022-12-26 | Time 14:38:38 | Duration [s] 131 | Length [m] 132
	 Track type Lift | Date 2022-12-26 | Time 14:40:49 | Duration [s] 436 | Length [m] 746
	 Track type Downhill | Date 2022-12-26 | Time 14:48:05 | Duration [s] 150 | Length [m] 942
F6P Tracks
	 Track type Downhill | Date 2022-12-26 | Time 10:53:26 | Duration [s] 825 | Length [m] 1000.0
	 Track type Downhill | Date 2022-12-26 | Time 11:07:12 | Duration [s] 246 | Length [m] 1000.0
	 Track type Downhill | Date 2022-12-26 | Time 11:11:18 | Duration [s] 948 | Length [m] 1000.0
	 Track type Downhill | Date 2022-12-26 | Time 11:27:06 | Duration [s] 270 | Length [m] 1000.0
	 Track type Downhill | Date 2022-12-26 | Time 11:31:37 | Duration [s] 474 | Length [m] 1000.0
	 Track type Downhill | Date 2022-12-26 | Time 11:39:31 | Duration [s] 289 | Length [m] 1000.0
	 Track type Downhill | Date 2022-12-26 | Time 11:44:20 | Duration [s] 322 | Length [m] 1000.0
	 Track type Downhill | Date 2022-12-26 | Time 11:49:42 | Duration [s] 428 | Length [m] 1000.0
	 Track type Downhill | Date 2022-12-26 | Time 11:56:51 | Duration [s] 275 | Length [m] 1000.0
	 Track type Downhill | Date 2022-12-26 | Time 12:01:26 | Duration [s] 558 | Length [m] 1000.0
	 Track type Downhill | Date 2022-12-26 | Time 12:10:45 | Duration [s] 270 | Length [m] 1000.0
	 Track type Downhill | Date 2022-12-26 | Time 12:15:16 | Duration [s] 774 | Length [m] 1000.0
	 Track type Downhill | Date 2022-12-26 | Time 12:28:10 | Duration [s] 523 | Length [m] 1000.0
	 Track type Downhill | Date 2022-12-26 | Time 12:36:54 | Duration [s] 287 | Length [m] 1000.0
	 Track type Downhill | Date 2022-12-26 | Time 12:41:41 | Duration [s] 576 | Length [m] 1000.0
	 Track type Downhill | Date 2022-12-26 | Time 12:51:18 | Duration [s] 256 | Length [m] 1000.0
	 Track type Downhill | Date 2022-12-26 | Time 12:55:34 | Duration [s] 644 | Length [m] 1000.0
	 Track type Downhill | Date 2022-12-26 | Time 13:06:19 | Duration [s] 375 | Length [m] 1000.0
	 Track type Downhill | Date 2022-12-26 | Time 13:12:34 | Duration [s] 530 | Length [m] 1000.0
	 Track type Downhill | Date 2022-12-26 | Time 13:21:24 | Duration [s] 418 | Length [m] 1000.0
	 Track type Downhill | Date 2022-12-26 | Time 13:28:23 | Duration [s] 351 | Length [m] 1000.0
	 Track type Downhill | Date 2022-12-26 | Time 13:34:15 | Duration [s] 463 | Length [m] 1000.0
	 Track type Downhill | Date 2022-12-26 | Time 13:41:58 | Duration [s] 650 | Length [m] 1000.0
	 Track type Downhill | Date 2022-12-26 | Time 13:52:48 | Duration [s] 581 | Length [m] 1000.0
	 Track type Downhill | Date 2022-12-26 | Time 14:02:30 | Duration [s] 190 | Length [m] 1000.0
	 Track type Downhill | Date 2022-12-26 | Time 14:05:40 | Duration [s] 566 | Length [m] 1000.0
	 Track type Downhill | Date 2022-12-26 | Time 14:15:06 | Duration [s] 354 | Length [m] 1000.0
	 Track type Downhill | Date 2022-12-26 | Time 14:21:01 | Duration [s] 340 | Length [m] 1000.0
	 Track type Downhill | Date 2022-12-26 | Time 14:26:41 | Duration [s] 545 | Length [m] 1000.0
	 Track type Downhill | Date 2022-12-26 | Time 14:35:46 | Duration [s] 169 | Length [m] 1000.0
	 Track type Downhill | Date 2022-12-26 | Time 14:38:36 | Duration [s] 592 | Length [m] 1000.0
	 Track type Downhill | Date 2022-12-26 | Time 14:48:29 | Duration [s] 88 | Length [m] 729.8
Tile Full Recording
	 Duration [s] 5879
Synchronized Tile Parameters
	Timestamp offset: 14000
	Altitude offset: 35.75
A50 Downhill Tracks
	 Track type Downhill | Date 2022-12-27 | Time 11:06:44 | Duration [s] 133 | Length [m] 883
	 Track type Downhill | Date 2022-12-27 | Time 11:20:22 | Duration [s] 95 | Length [m] 839
	 Track type Downhill | Date 2022-12-27 | Time 11:28:51 | Duration [s] 78 | Length [m] 806
	 Track type Downhill | Date 2022-12-27 | Time 11:37:10 | Duration [s] 93 | Length [m] 832
	 Track type Downhill | Date 2022-12-27 | Time 11:44:58 | Duration [s] 133 | Length [m] 869
	 Track type Downhill | Date 2022-12-27 | Time 11:54:14 | Duration [s] 86 | Length [m] 835
	 Track type Downhill | Date 2022-12-27 | Time 12:01:51 | Duration [s] 157 | Length [m] 844
	 Track type Downhill | Date 2022-12-27 | Time 12:10:43 | Duration [s] 171 | Length [m] 963
	 Track type Downhill | Date 2022-12-27 | Time 12:25:30 | Duration [s] 272 | Length [m] 1063
A50 All Tracks
	 Track type Walk | Date 2022-12-27 | Time 10:51:48 | Duration [s] 290 | Length [m] 278
	 Track type Hold | Date 2022-12-27 | Time 10:56:38 | Duration [s] 84 | Length [m] 22
	 Track type Walk | Date 2022-12-27 | Time 10:58:02 | Duration [s] 163 | Length [m] 154
	 Track type Lift | Date 2022-12-27 | Time 11:00:45 | Duration [s] 297 | Length [m] 489
	 Track type Walk | Date 2022-12-27 | Time 11:05:42 | Duration [s] 62 | Length [m] 70
	 Track type Downhill | Date 2022-12-27 | Time 11:06:44 | Duration [s] 133 | Length [m] 883
	 Track type Hold | Date 2022-12-27 | Time 11:08:57 | Duration [s] 203 | Length [m] 67
	 Track type Walk | Date 2022-12-27 | Time 11:12:20 | Duration [s] 88 | Length [m] 65
	 Track type Lift | Date 2022-12-27 | Time 11:13:48 | Duration [s] 394 | Length [m] 617
	 Track type Downhill | Date 2022-12-27 | Time 11:20:22 | Duration [s] 95 | Length [m] 839
	 Track type Walk | Date 2022-12-27 | Time 11:21:57 | Duration [s] 86 | Length [m] 87
	 Track type Lift | Date 2022-12-27 | Time 11:23:23 | Duration [s] 280 | Length [m] 552
	 Track type Walk | Date 2022-12-27 | Time 11:28:03 | Duration [s] 48 | Length [m] 116
	 Track type Downhill | Date 2022-12-27 | Time 11:28:51 | Duration [s] 78 | Length [m] 806
	 Track type Walk | Date 2022-12-27 | Time 11:30:09 | Duration [s] 111 | Length [m] 96
	 Track type Lift | Date 2022-12-27 | Time 11:32:00 | Duration [s] 310 | Length [m] 575
	 Track type Downhill | Date 2022-12-27 | Time 11:37:10 | Duration [s] 93 | Length [m] 832
	 Track type Walk | Date 2022-12-27 | Time 11:38:43 | Duration [s] 82 | Length [m] 94
	 Track type Lift | Date 2022-12-27 | Time 11:40:05 | Duration [s] 293 | Length [m] 564
	 Track type Downhill | Date 2022-12-27 | Time 11:44:58 | Duration [s] 133 | Length [m] 869
	 Track type Walk | Date 2022-12-27 | Time 11:47:11 | Duration [s] 102 | Length [m] 85
	 Track type Lift | Date 2022-12-27 | Time 11:48:53 | Duration [s] 321 | Length [m] 610
	 Track type Downhill | Date 2022-12-27 | Time 11:54:14 | Duration [s] 86 | Length [m] 835
	 Track type Walk | Date 2022-12-27 | Time 11:55:40 | Duration [s] 84 | Length [m] 102
	 Track type Lift | Date 2022-12-27 | Time 11:57:04 | Duration [s] 287 | Length [m] 536
	 Track type Downhill | Date 2022-12-27 | Time 12:01:51 | Duration [s] 157 | Length [m] 844
	 Track type Walk | Date 2022-12-27 | Time 12:04:28 | Duration [s] 56 | Length [m] 61
	 Track type Lift | Date 2022-12-27 | Time 12:05:24 | Duration [s] 319 | Length [m] 578
	 Track type Downhill | Date 2022-12-27 | Time 12:10:43 | Duration [s] 171 | Length [m] 963
	 Track type Hold | Date 2022-12-27 | Time 12:13:34 | Duration [s] 325 | Length [m] 73
	 Track type Lift | Date 2022-12-27 | Time 12:18:59 | Duration [s] 318 | Length [m] 569
	 Track type Walk | Date 2022-12-27 | Time 12:24:17 | Duration [s] 73 | Length [m] 127
	 Track type Downhill | Date 2022-12-27 | Time 12:25:30 | Duration [s] 272 | Length [m] 1063
	 Track type Hold | Date 2022-12-27 | Time 12:30:02 | Duration [s] 66 | Length [m] 8
	 Track type Walk | Date 2022-12-27 | Time 12:31:08 | Duration [s] 29 | Length [m] 38
	 Track type Hold | Date 2022-12-27 | Time 12:31:37 | Duration [s] 53 | Length [m] 19
	 Track type Walk | Date 2022-12-27 | Time 12:32:30 | Duration [s] 55 | Length [m] 37
F6P Tracks
	 Track type Downhill | Date 2022-12-27 | Time 10:51:14 | Duration [s] 967 | Length [m] 1000.0
	 Track type Downhill | Date 2022-12-27 | Time 11:07:23 | Duration [s] 521 | Length [m] 1000.0
	 Track type Downhill | Date 2022-12-27 | Time 11:16:04 | Duration [s] 334 | Length [m] 1000.0
	 Track type Downhill | Date 2022-12-27 | Time 11:21:38 | Duration [s] 443 | Length [m] 1000.0
	 Track type Downhill | Date 2022-12-27 | Time 11:29:02 | Duration [s] 277 | Length [m] 1000.0
	 Track type Downhill | Date 2022-12-27 | Time 11:33:40 | Duration [s] 289 | Length [m] 1000.0
	 Track type Downhill | Date 2022-12-27 | Time 11:38:29 | Duration [s] 431 | Length [m] 1000.0
	 Track type Downhill | Date 2022-12-27 | Time 11:45:40 | Duration [s] 367 | Length [m] 1000.0
	 Track type Downhill | Date 2022-12-27 | Time 11:51:48 | Duration [s] 222 | Length [m] 1000.0
	 Track type Downhill | Date 2022-12-27 | Time 11:55:31 | Duration [s] 496 | Length [m] 1000.0
	 Track type Downhill | Date 2022-12-27 | Time 12:03:47 | Duration [s] 349 | Length [m] 1000.0
	 Track type Downhill | Date 2022-12-27 | Time 12:09:36 | Duration [s] 195 | Length [m] 1000.0
	 Track type Downhill | Date 2022-12-27 | Time 12:12:51 | Duration [s] 814 | Length [m] 1000.0
	 Track type Downhill | Date 2022-12-27 | Time 12:26:26 | Duration [s] 173 | Length [m] 731.51
Tile Full Recording
	 Duration [s] 6419
Synchronized Tile Parameters
	Timestamp offset: 14500
	Altitude offset: 0
A50 Downhill Tracks
	 Track type Downhill | Date 2023-12-30 | Time 12:06:29 | Duration [s] 115 | Length [m] 977
	 Track type Downhill | Date 2023-12-30 | Time 12:18:53 | Duration [s] 114 | Length [m] 1032
	 Track type Downhill | Date 2023-12-30 | Time 12:21:47 | Duration [s] 40 | Length [m] 111
A50 All Tracks
	 Track type Hold | Date 2023-12-30 | Time 11:52:15 | Duration [s] 110 | Length [m] 36
	 Track type Walk | Date 2023-12-30 | Time 11:54:05 | Duration [s] 103 | Length [m] 56
	 Track type Hold | Date 2023-12-30 | Time 11:55:48 | Duration [s] 74 | Length [m] 22
	 Track type Walk | Date 2023-12-30 | Time 11:57:02 | Duration [s] 82 | Length [m] 53
	 Track type Lift | Date 2023-12-30 | Time 11:58:24 | Duration [s] 485 | Length [m] 862
	 Track type Downhill | Date 2023-12-30 | Time 12:06:29 | Duration [s] 115 | Length [m] 977
	 Track type Walk | Date 2023-12-30 | Time 12:08:24 | Duration [s] 92 | Length [m] 75
	 Track type Lift | Date 2023-12-30 | Time 12:09:56 | Duration [s] 410 | Length [m] 814
	 Track type Hold | Date 2023-12-30 | Time 12:16:46 | Duration [s] 127 | Length [m] 17
	 Track type Downhill | Date 2023-12-30 | Time 12:18:53 | Duration [s] 114 | Length [m] 1032
	 Track type Hold | Date 2023-12-30 | Time 12:20:47 | Duration [s] 60 | Length [m] 15
	 Track type Downhill | Date 2023-12-30 | Time 12:21:47 | Duration [s] 40 | Length [m] 111
	 Track type Walk | Date 2023-12-30 | Time 12:22:27 | Duration [s] 70 | Length [m] 65
F6P Tracks
	 Track type Downhill | Date 2023-12-30 | Time 12:06:15 | Duration [s] 106 | Length [m] 955.88
	 Track type Downhill | Date 2023-12-30 | Time 12:16:45 | Duration [s] 126 | Length [m] 1023.52
	 Track type Downhill | Date 2023-12-30 | Time 12:30:55 | Duration [s] 134 | Length [m] 1083.94
	 Track type Downhill | Date 2023-12-30 | Time 12:40:23 | Duration [s] 105 | Length [m] 1008.92
	 Track type Downhill | Date 2023-12-30 | Time 12:53:28 | Duration [s] 106 | Length [m] 1018.07
	 Track type Downhill | Date 2023-12-30 | Time 13:05:24 | Duration [s] 111 | Length [m] 1033.85
	 Track type Downhill | Date 2023-12-30 | Time 13:14:27 | Duration [s] 108 | Length [m] 1017.04
	 Track type Downhill | Date 2023-12-30 | Time 13:23:32 | Duration [s] 121 | Length [m] 992.7
	 Track type Downhill | Date 2023-12-30 | Time 13:35:22 | Duration [s] 117 | Length [m] 1027.84
	 Track type Downhill | Date 2023-12-30 | Time 13:45:46 | Duration [s] 109 | Length [m] 1026.8
	 Track type Downhill | Date 2023-12-30 | Time 13:55:49 | Duration [s] 106 | Length [m] 1035.32
	 Track type Downhill | Date 2023-12-30 | Time 14:05:34 | Duration [s] 114 | Length [m] 1043.99
	 Track type Downhill | Date 2023-12-30 | Time 14:14:43 | Duration [s] 115 | Length [m] 1023.95
	 Track type Downhill | Date 2023-12-30 | Time 14:23:51 | Duration [s] 124 | Length [m] 1044.96
	 Track type Downhill | Date 2023-12-30 | Time 14:32:54 | Duration [s] 103 | Length [m] 1015.87
	 Track type Downhill | Date 2023-12-30 | Time 14:41:49 | Duration [s] 116 | Length [m] 1026.54
	 Track type Downhill | Date 2023-12-30 | Time 14:51:06 | Duration [s] 122 | Length [m] 1087.56
	 Track type Downhill | Date 2023-12-30 | Time 15:13:56 | Duration [s] 91 | Length [m] 847.66
	 Track type Downhill | Date 2023-12-30 | Time 15:22:30 | Duration [s] 88 | Length [m] 855.89
	 Track type Downhill | Date 2023-12-30 | Time 15:39:19 | Duration [s] 207 | Length [m] 1003.7
	 Track type Downhill | Date 2023-12-30 | Time 15:54:25 | Duration [s] 84 | Length [m] 841.87
	 Track type Downhill | Date 2023-12-30 | Time 16:04:38 | Duration [s] 94 | Length [m] 815.66
Tile Full Recording
	 Duration [s] 1975
Synchronized Tile Parameters
	Timestamp offset: 8000
	Altitude offset: 132.0
A50 Downhill Tracks
	 Track type Downhill | Date 2023-12-31 | Time 11:37:31 | Duration [s] 129 | Length [m] 935
	 Track type Downhill | Date 2023-12-31 | Time 11:49:08 | Duration [s] 145 | Length [m] 1262
	 Track type Downhill | Date 2023-12-31 | Time 11:56:34 | Duration [s] 103 | Length [m] 1012
	 Track type Downhill | Date 2023-12-31 | Time 12:02:25 | Duration [s] 79 | Length [m] 973
	 Track type Downhill | Date 2023-12-31 | Time 12:08:09 | Duration [s] 82 | Length [m] 934
	 Track type Downhill | Date 2023-12-31 | Time 12:14:15 | Duration [s] 138 | Length [m] 1003
	 Track type Downhill | Date 2023-12-31 | Time 12:20:28 | Duration [s] 100 | Length [m] 1030
	 Track type Downhill | Date 2023-12-31 | Time 12:26:21 | Duration [s] 63 | Length [m] 895
	 Track type Downhill | Date 2023-12-31 | Time 12:32:16 | Duration [s] 90 | Length [m] 1142
	 Track type Downhill | Date 2023-12-31 | Time 12:38:16 | Duration [s] 106 | Length [m] 844
	 Track type Downhill | Date 2023-12-31 | Time 12:44:57 | Duration [s] 106 | Length [m] 1053
	 Track type Downhill | Date 2023-12-31 | Time 12:50:49 | Duration [s] 124 | Length [m] 1009
	 Track type Downhill | Date 2023-12-31 | Time 12:56:55 | Duration [s] 80 | Length [m] 1001
	 Track type Downhill | Date 2023-12-31 | Time 13:02:40 | Duration [s] 71 | Length [m] 908
	 Track type Downhill | Date 2023-12-31 | Time 13:08:21 | Duration [s] 96 | Length [m] 996
	 Track type Downhill | Date 2023-12-31 | Time 13:13:57 | Duration [s] 80 | Length [m] 924
	 Track type Downhill | Date 2023-12-31 | Time 13:20:00 | Duration [s] 73 | Length [m] 946
	 Track type Downhill | Date 2023-12-31 | Time 13:25:39 | Duration [s] 83 | Length [m] 981
	 Track type Downhill | Date 2023-12-31 | Time 13:34:27 | Duration [s] 91 | Length [m] 969
	 Track type Downhill | Date 2023-12-31 | Time 13:42:26 | Duration [s] 96 | Length [m] 1002
	 Track type Downhill | Date 2023-12-31 | Time 13:49:01 | Duration [s] 86 | Length [m] 997
	 Track type Downhill | Date 2023-12-31 | Time 13:55:19 | Duration [s] 74 | Length [m] 976
	 Track type Downhill | Date 2023-12-31 | Time 14:02:16 | Duration [s] 121 | Length [m] 1058
	 Track type Downhill | Date 2023-12-31 | Time 14:07:49 | Duration [s] 108 | Length [m] 1020
	 Track type Downhill | Date 2023-12-31 | Time 14:13:51 | Duration [s] 79 | Length [m] 972
	 Track type Downhill | Date 2023-12-31 | Time 14:19:50 | Duration [s] 160 | Length [m] 1234
	 Track type Downhill | Date 2023-12-31 | Time 14:29:33 | Duration [s] 222 | Length [m] 1588
	 Track type Downhill | Date 2023-12-31 | Time 14:38:54 | Duration [s] 63 | Length [m] 666
	 Track type Downhill | Date 2023-12-31 | Time 14:46:03 | Duration [s] 222 | Length [m] 1012
	 Track type Downhill | Date 2023-12-31 | Time 14:54:10 | Duration [s] 118 | Length [m] 1223
	 Track type Downhill | Date 2023-12-31 | Time 15:01:03 | Duration [s] 88 | Length [m] 974
	 Track type Downhill | Date 2023-12-31 | Time 15:06:33 | Duration [s] 75 | Length [m] 954
	 Track type Downhill | Date 2023-12-31 | Time 15:13:04 | Duration [s] 114 | Length [m] 1060
	 Track type Downhill | Date 2023-12-31 | Time 15:19:01 | Duration [s] 90 | Length [m] 980
	 Track type Downhill | Date 2023-12-31 | Time 15:25:00 | Duration [s] 145 | Length [m] 1358
A50 All Tracks
	 Track type Hold | Date 2023-12-31 | Time 11:29:23 | Duration [s] 71 | Length [m] 28
	 Track type Walk | Date 2023-12-31 | Time 11:30:34 | Duration [s] 95 | Length [m] 124
	 Track type Lift | Date 2023-12-31 | Time 11:32:09 | Duration [s] 322 | Length [m] 734
	 Track type Downhill | Date 2023-12-31 | Time 11:37:31 | Duration [s] 129 | Length [m] 935
	 Track type Walk | Date 2023-12-31 | Time 11:39:40 | Duration [s] 73 | Length [m] 34
	 Track type Hold | Date 2023-12-31 | Time 11:40:53 | Duration [s] 214 | Length [m] 38
	 Track type Lift | Date 2023-12-31 | Time 11:44:27 | Duration [s] 281 | Length [m] 945
	 Track type Downhill | Date 2023-12-31 | Time 11:49:08 | Duration [s] 145 | Length [m] 1262
	 Track type Walk | Date 2023-12-31 | Time 11:51:33 | Duration [s] 48 | Length [m] 34
	 Track type Lift | Date 2023-12-31 | Time 11:52:21 | Duration [s] 253 | Length [m] 864
	 Track type Downhill | Date 2023-12-31 | Time 11:56:34 | Duration [s] 103 | Length [m] 1012
	 Track type Lift | Date 2023-12-31 | Time 11:58:17 | Duration [s] 248 | Length [m] 883
	 Track type Downhill | Date 2023-12-31 | Time 12:02:25 | Duration [s] 79 | Length [m] 973
	 Track type Walk | Date 2023-12-31 | Time 12:03:44 | Duration [s] 49 | Length [m] 40
	 Track type Lift | Date 2023-12-31 | Time 12:04:33 | Duration [s] 216 | Length [m] 835
	 Track type Downhill | Date 2023-12-31 | Time 12:08:09 | Duration [s] 82 | Length [m] 934
	 Track type Walk | Date 2023-12-31 | Time 12:09:31 | Duration [s] 64 | Length [m] 51
	 Track type Lift | Date 2023-12-31 | Time 12:10:35 | Duration [s] 220 | Length [m] 851
	 Track type Downhill | Date 2023-12-31 | Time 12:14:15 | Duration [s] 138 | Length [m] 1003
	 Track type Lift | Date 2023-12-31 | Time 12:16:33 | Duration [s] 235 | Length [m] 853
	 Track type Downhill | Date 2023-12-31 | Time 12:20:28 | Duration [s] 100 | Length [m] 1030
	 Track type Lift | Date 2023-12-31 | Time 12:22:08 | Duration [s] 253 | Length [m] 927
	 Track type Downhill | Date 2023-12-31 | Time 12:26:21 | Duration [s] 63 | Length [m] 895
	 Track type Lift | Date 2023-12-31 | Time 12:29:04 | Duration [s] 192 | Length [m] 624
	 Track type Downhill | Date 2023-12-31 | Time 12:32:16 | Duration [s] 90 | Length [m] 1142
	 Track type Walk | Date 2023-12-31 | Time 12:33:46 | Duration [s] 76 | Length [m] 90
	 Track type Lift | Date 2023-12-31 | Time 12:35:02 | Duration [s] 194 | Length [m] 657
	 Track type Downhill | Date 2023-12-31 | Time 12:38:16 | Duration [s] 106 | Length [m] 844
	 Track type Walk | Date 2023-12-31 | Time 12:40:02 | Duration [s] 95 | Length [m] 91
	 Track type Lift | Date 2023-12-31 | Time 12:41:37 | Duration [s] 200 | Length [m] 668
	 Track type Downhill | Date 2023-12-31 | Time 12:44:57 | Duration [s] 106 | Length [m] 1053
	 Track type Lift | Date 2023-12-31 | Time 12:46:43 | Duration [s] 246 | Length [m] 881
	 Track type Downhill | Date 2023-12-31 | Time 12:50:49 | Duration [s] 124 | Length [m] 1009
	 Track type Lift | Date 2023-12-31 | Time 12:52:53 | Duration [s] 242 | Length [m] 863
	 Track type Downhill | Date 2023-12-31 | Time 12:56:55 | Duration [s] 80 | Length [m] 1001
	 Track type Lift | Date 2023-12-31 | Time 12:58:15 | Duration [s] 265 | Length [m] 915
	 Track type Downhill | Date 2023-12-31 | Time 13:02:40 | Duration [s] 71 | Length [m] 908
	 Track type Walk | Date 2023-12-31 | Time 13:03:51 | Duration [s] 50 | Length [m] 35
	 Track type Lift | Date 2023-12-31 | Time 13:04:41 | Duration [s] 220 | Length [m] 831
	 Track type Downhill | Date 2023-12-31 | Time 13:08:21 | Duration [s] 96 | Length [m] 996
	 Track type Lift | Date 2023-12-31 | Time 13:09:57 | Duration [s] 240 | Length [m] 842
	 Track type Downhill | Date 2023-12-31 | Time 13:13:57 | Duration [s] 80 | Length [m] 924
	 Track type Walk | Date 2023-12-31 | Time 13:15:17 | Duration [s] 58 | Length [m] 55
	 Track type Lift | Date 2023-12-31 | Time 13:16:15 | Duration [s] 225 | Length [m] 856
	 Track type Downhill | Date 2023-12-31 | Time 13:20:00 | Duration [s] 73 | Length [m] 946
	 Track type Walk | Date 2023-12-31 | Time 13:21:13 | Duration [s] 46 | Length [m] 57
	 Track type Lift | Date 2023-12-31 | Time 13:21:59 | Duration [s] 220 | Length [m] 839
	 Track type Downhill | Date 2023-12-31 | Time 13:25:39 | Duration [s] 83 | Length [m] 981
	 Track type Walk | Date 2023-12-31 | Time 13:27:02 | Duration [s] 52 | Length [m] 46
	 Track type Lift | Date 2023-12-31 | Time 13:27:54 | Duration [s] 71 | Length [m] 163
	 Track type Walk | Date 2023-12-31 | Time 13:29:05 | Duration [s] 73 | Length [m] 27
	 Track type Lift | Date 2023-12-31 | Time 13:30:18 | Duration [s] 249 | Length [m] 659
	 Track type Downhill | Date 2023-12-31 | Time 13:34:27 | Duration [s] 91 | Length [m] 969
	 Track type Hold | Date 2023-12-31 | Time 13:35:58 | Duration [s] 108 | Length [m] 20
	 Track type Lift | Date 2023-12-31 | Time 13:37:46 | Duration [s] 280 | Length [m] 873
	 Track type Downhill | Date 2023-12-31 | Time 13:42:26 | Duration [s] 96 | Length [m] 1002
	 Track type Lift | Date 2023-12-31 | Time 13:44:02 | Duration [s] 299 | Length [m] 873
	 Track type Downhill | Date 2023-12-31 | Time 13:49:01 | Duration [s] 86 | Length [m] 997
	 Track type Lift | Date 2023-12-31 | Time 13:50:27 | Duration [s] 292 | Length [m] 878
	 Track type Downhill | Date 2023-12-31 | Time 13:55:19 | Duration [s] 74 | Length [m] 976
	 Track type Walk | Date 2023-12-31 | Time 13:56:33 | Duration [s] 100 | Length [m] 63
	 Track type Lift | Date 2023-12-31 | Time 13:58:13 | Duration [s] 243 | Length [m] 868
	 Track type Downhill | Date 2023-12-31 | Time 14:02:16 | Duration [s] 121 | Length [m] 1058
	 Track type Lift | Date 2023-12-31 | Time 14:04:17 | Duration [s] 212 | Length [m] 817
	 Track type Downhill | Date 2023-12-31 | Time 14:07:49 | Duration [s] 108 | Length [m] 1020
	 Track type Lift | Date 2023-12-31 | Time 14:09:37 | Duration [s] 254 | Length [m] 896
	 Track type Downhill | Date 2023-12-31 | Time 14:13:51 | Duration [s] 79 | Length [m] 972
	 Track type Walk | Date 2023-12-31 | Time 14:15:10 | Duration [s] 47 | Length [m] 63
	 Track type Lift | Date 2023-12-31 | Time 14:15:57 | Duration [s] 233 | Length [m] 883
	 Track type Downhill | Date 2023-12-31 | Time 14:19:50 | Duration [s] 160 | Length [m] 1234
	 Track type Walk | Date 2023-12-31 | Time 14:22:30 | Duration [s] 73 | Length [m] 61
	 Track type Hold | Date 2023-12-31 | Time 14:23:43 | Duration [s] 60 | Length [m] 19
	 Track type Lift | Date 2023-12-31 | Time 14:24:43 | Duration [s] 290 | Length [m] 934
	 Track type Downhill | Date 2023-12-31 | Time 14:29:33 | Duration [s] 222 | Length [m] 1588
	 Track type Walk | Date 2023-12-31 | Time 14:33:15 | Duration [s] 59 | Length [m] 45
	 Track type Lift | Date 2023-12-31 | Time 14:34:14 | Duration [s] 280 | Length [m] 849
	 Track type Downhill | Date 2023-12-31 | Time 14:38:54 | Duration [s] 63 | Length [m] 666
	 Track type Walk | Date 2023-12-31 | Time 14:39:57 | Duration [s] 98 | Length [m] 114
	 Track type Lift | Date 2023-12-31 | Time 14:41:35 | Duration [s] 268 | Length [m] 639
	 Track type Downhill | Date 2023-12-31 | Time 14:46:03 | Duration [s] 222 | Length [m] 1012
	 Track type Lift | Date 2023-12-31 | Time 14:49:45 | Duration [s] 265 | Length [m] 930
	 Track type Downhill | Date 2023-12-31 | Time 14:54:10 | Duration [s] 118 | Length [m] 1223
	 Track type Walk | Date 2023-12-31 | Time 14:56:08 | Duration [s] 68 | Length [m] 52
	 Track type Lift | Date 2023-12-31 | Time 14:57:16 | Duration [s] 227 | Length [m] 864
	 Track type Downhill | Date 2023-12-31 | Time 15:01:03 | Duration [s] 88 | Length [m] 974
	 Track type Lift | Date 2023-12-31 | Time 15:02:31 | Duration [s] 242 | Length [m] 879
	 Track type Downhill | Date 2023-12-31 | Time 15:06:33 | Duration [s] 75 | Length [m] 954
	 Track type Walk | Date 2023-12-31 | Time 15:07:48 | Duration [s] 51 | Length [m] 51
	 Track type Lift | Date 2023-12-31 | Time 15:08:39 | Duration [s] 265 | Length [m] 825
	 Track type Downhill | Date 2023-12-31 | Time 15:13:04 | Duration [s] 114 | Length [m] 1060
	 Track type Lift | Date 2023-12-31 | Time 15:14:58 | Duration [s] 243 | Length [m] 863
	 Track type Downhill | Date 2023-12-31 | Time 15:19:01 | Duration [s] 90 | Length [m] 980
	 Track type Lift | Date 2023-12-31 | Time 15:20:31 | Duration [s] 269 | Length [m] 974
	 Track type Downhill | Date 2023-12-31 | Time 15:25:00 | Duration [s] 145 | Length [m] 1358
	 Track type Walk | Date 2023-12-31 | Time 15:27:25 | Duration [s] 86 | Length [m] 95
F6P Tracks
	 Track type Downhill | Date 2023-12-31 | Time 11:37:37 | Duration [s] 122 | Length [m] 885.91
	 Track type Downhill | Date 2023-12-31 | Time 11:49:29 | Duration [s] 140 | Length [m] 1228.53
	 Track type Downhill | Date 2023-12-31 | Time 11:56:51 | Duration [s] 106 | Length [m] 974.62
	 Track type Downhill | Date 2023-12-31 | Time 12:02:32 | Duration [s] 94 | Length [m] 949.91
	 Track type Downhill | Date 2023-12-31 | Time 12:08:25 | Duration [s] 110 | Length [m] 925.45
	 Track type Downhill | Date 2023-12-31 | Time 12:14:26 | Duration [s] 86 | Length [m] 955.17
	 Track type Downhill | Date 2023-12-31 | Time 12:20:45 | Duration [s] 96 | Length [m] 985.56
	 Track type Downhill | Date 2023-12-31 | Time 12:26:16 | Duration [s] 163 | Length [m] 1074.71
	 Track type Downhill | Date 2023-12-31 | Time 12:32:23 | Duration [s] 114 | Length [m] 1107.24
	 Track type Downhill | Date 2023-12-31 | Time 12:38:40 | Duration [s] 78 | Length [m] 800.84
	 Track type Downhill | Date 2023-12-31 | Time 12:45:17 | Duration [s] 113 | Length [m] 1060.78
	 Track type Downhill | Date 2023-12-31 | Time 12:50:55 | Duration [s] 105 | Length [m] 980.22
	 Track type Downhill | Date 2023-12-31 | Time 12:57:04 | Duration [s] 107 | Length [m] 1072.2
	 Track type Downhill | Date 2023-12-31 | Time 13:02:34 | Duration [s] 95 | Length [m] 994.21
	 Track type Downhill | Date 2023-12-31 | Time 13:08:35 | Duration [s] 86 | Length [m] 984.9
	 Track type Downhill | Date 2023-12-31 | Time 13:14:11 | Duration [s] 111 | Length [m] 890.63
	 Track type Downhill | Date 2023-12-31 | Time 13:20:09 | Duration [s] 99 | Length [m] 981.85
	 Track type Downhill | Date 2023-12-31 | Time 13:25:51 | Duration [s] 97 | Length [m] 988.7
	 Track type Downhill | Date 2023-12-31 | Time 13:34:43 | Duration [s] 79 | Length [m] 947.91
	 Track type Downhill | Date 2023-12-31 | Time 13:42:32 | Duration [s] 116 | Length [m] 1030.12
	 Track type Downhill | Date 2023-12-31 | Time 13:49:10 | Duration [s] 104 | Length [m] 1016.98
	 Track type Downhill | Date 2023-12-31 | Time 13:55:25 | Duration [s] 76 | Length [m] 947.52
	 Track type Downhill | Date 2023-12-31 | Time 14:02:28 | Duration [s] 101 | Length [m] 965.28
	 Track type Downhill | Date 2023-12-31 | Time 14:08:02 | Duration [s] 100 | Length [m] 971.71
	 Track type Downhill | Date 2023-12-31 | Time 14:13:48 | Duration [s] 88 | Length [m] 954.22
	 Track type Downhill | Date 2023-12-31 | Time 14:19:52 | Duration [s] 126 | Length [m] 1248.17
	 Track type Downhill | Date 2023-12-31 | Time 14:30:00 | Duration [s] 171 | Length [m] 1488.24
	 Track type Downhill | Date 2023-12-31 | Time 14:38:38 | Duration [s] 88 | Length [m] 687.72
	 Track type Downhill | Date 2023-12-31 | Time 14:46:36 | Duration [s] 87 | Length [m] 885.96
	 Track type Downhill | Date 2023-12-31 | Time 14:54:21 | Duration [s] 149 | Length [m] 1221.38
	 Track type Downhill | Date 2023-12-31 | Time 15:01:06 | Duration [s] 97 | Length [m] 977.74
	 Track type Downhill | Date 2023-12-31 | Time 15:06:35 | Duration [s] 113 | Length [m] 993.44
	 Track type Downhill | Date 2023-12-31 | Time 15:13:29 | Duration [s] 98 | Length [m] 984.67
	 Track type Downhill | Date 2023-12-31 | Time 15:19:08 | Duration [s] 76 | Length [m] 949.27
	 Track type Downhill | Date 2023-12-31 | Time 15:24:58 | Duration [s] 158 | Length [m] 1385.54
Tile Full Recording
	 Duration [s] 14462
Synchronized Tile Parameters
	Timestamp offset: 0
	Altitude offset: 42.0
A50 Downhill Tracks
	 Track type Downhill | Date 2024-01-01 | Time 12:39:48 | Duration [s] 43 | Length [m] 148
	 Track type Downhill | Date 2024-01-01 | Time 12:41:34 | Duration [s] 43 | Length [m] 104
	 Track type Downhill | Date 2024-01-01 | Time 12:45:23 | Duration [s] 105 | Length [m] 328
	 Track type Downhill | Date 2024-01-01 | Time 12:53:59 | Duration [s] 109 | Length [m] 589
	 Track type Downhill | Date 2024-01-01 | Time 13:00:49 | Duration [s] 42 | Length [m] 75
	 Track type Downhill | Date 2024-01-01 | Time 13:09:30 | Duration [s] 220 | Length [m] 1078
	 Track type Downhill | Date 2024-01-01 | Time 13:23:24 | Duration [s] 171 | Length [m] 830
	 Track type Downhill | Date 2024-01-01 | Time 13:34:45 | Duration [s] 97 | Length [m] 804
	 Track type Downhill | Date 2024-01-01 | Time 13:42:37 | Duration [s] 87 | Length [m] 759
	 Track type Downhill | Date 2024-01-01 | Time 13:49:47 | Duration [s] 96 | Length [m] 799
	 Track type Downhill | Date 2024-01-01 | Time 13:57:24 | Duration [s] 90 | Length [m] 804
	 Track type Downhill | Date 2024-01-01 | Time 14:05:19 | Duration [s] 97 | Length [m] 873
	 Track type Downhill | Date 2024-01-01 | Time 14:14:35 | Duration [s] 87 | Length [m] 795
	 Track type Downhill | Date 2024-01-01 | Time 14:22:19 | Duration [s] 62 | Length [m] 771
	 Track type Downhill | Date 2024-01-01 | Time 14:29:34 | Duration [s] 123 | Length [m] 848
	 Track type Downhill | Date 2024-01-01 | Time 14:36:39 | Duration [s] 106 | Length [m] 841
	 Track type Downhill | Date 2024-01-01 | Time 14:52:07 | Duration [s] 156 | Length [m] 800
	 Track type Downhill | Date 2024-01-01 | Time 15:08:31 | Duration [s] 156 | Length [m] 869
	 Track type Downhill | Date 2024-01-01 | Time 15:17:53 | Duration [s] 74 | Length [m] 791
	 Track type Downhill | Date 2024-01-01 | Time 15:27:56 | Duration [s] 116 | Length [m] 1056
	 Track type Downhill | Date 2024-01-01 | Time 15:32:25 | Duration [s] 21 | Length [m] 75
	 Track type Downhill | Date 2024-01-01 | Time 15:39:26 | Duration [s] 66 | Length [m] 769
	 Track type Downhill | Date 2024-01-01 | Time 15:46:43 | Duration [s] 124 | Length [m] 835
A50 All Tracks
	 Track type Walk | Date 2024-01-01 | Time 12:29:37 | Duration [s] 304 | Length [m] 340
	 Track type Lift | Date 2024-01-01 | Time 12:34:41 | Duration [s] 307 | Length [m] 496
	 Track type Downhill | Date 2024-01-01 | Time 12:39:48 | Duration [s] 43 | Length [m] 148
	 Track type Walk | Date 2024-01-01 | Time 12:40:31 | Duration [s] 63 | Length [m] 30
	 Track type Downhill | Date 2024-01-01 | Time 12:41:34 | Duration [s] 43 | Length [m] 104
	 Track type Walk | Date 2024-01-01 | Time 12:42:17 | Duration [s] 186 | Length [m] 93
	 Track type Downhill | Date 2024-01-01 | Time 12:45:23 | Duration [s] 105 | Length [m] 328
	 Track type Hold | Date 2024-01-01 | Time 12:47:08 | Duration [s] 58 | Length [m] 10
	 Track type Walk | Date 2024-01-01 | Time 12:48:06 | Duration [s] 67 | Length [m] 75
	 Track type Lift | Date 2024-01-01 | Time 12:49:13 | Duration [s] 215 | Length [m] 371
	 Track type Walk | Date 2024-01-01 | Time 12:52:48 | Duration [s] 71 | Length [m] 28
	 Track type Downhill | Date 2024-01-01 | Time 12:53:59 | Duration [s] 109 | Length [m] 589
	 Track type Hold | Date 2024-01-01 | Time 12:55:48 | Duration [s] 301 | Length [m] 79
	 Track type Downhill | Date 2024-01-01 | Time 13:00:49 | Duration [s] 42 | Length [m] 75
	 Track type Walk | Date 2024-01-01 | Time 13:01:31 | Duration [s] 68 | Length [m] 81
	 Track type Lift | Date 2024-01-01 | Time 13:02:39 | Duration [s] 334 | Length [m] 642
	 Track type Hold | Date 2024-01-01 | Time 13:08:13 | Duration [s] 77 | Length [m] 14
	 Track type Downhill | Date 2024-01-01 | Time 13:09:30 | Duration [s] 220 | Length [m] 1078
	 Track type Walk | Date 2024-01-01 | Time 13:13:10 | Duration [s] 79 | Length [m] 89
	 Track type Lift | Date 2024-01-01 | Time 13:14:29 | Duration [s] 275 | Length [m] 535
	 Track type Walk | Date 2024-01-01 | Time 13:19:04 | Duration [s] 54 | Length [m] 78
	 Track type Hold | Date 2024-01-01 | Time 13:19:58 | Duration [s] 206 | Length [m] 38
	 Track type Downhill | Date 2024-01-01 | Time 13:23:24 | Duration [s] 171 | Length [m] 830
	 Track type Hold | Date 2024-01-01 | Time 13:26:15 | Duration [s] 151 | Length [m] 23
	 Track type Walk | Date 2024-01-01 | Time 13:28:46 | Duration [s] 69 | Length [m] 91
	 Track type Lift | Date 2024-01-01 | Time 13:29:55 | Duration [s] 290 | Length [m] 556
	 Track type Downhill | Date 2024-01-01 | Time 13:34:45 | Duration [s] 97 | Length [m] 804
	 Track type Walk | Date 2024-01-01 | Time 13:36:22 | Duration [s] 72 | Length [m] 77
	 Track type Lift | Date 2024-01-01 | Time 13:37:34 | Duration [s] 303 | Length [m] 622
	 Track type Downhill | Date 2024-01-01 | Time 13:42:37 | Duration [s] 87 | Length [m] 759
	 Track type Walk | Date 2024-01-01 | Time 13:44:04 | Duration [s] 72 | Length [m] 87
	 Track type Lift | Date 2024-01-01 | Time 13:45:16 | Duration [s] 271 | Length [m] 531
	 Track type Downhill | Date 2024-01-01 | Time 13:49:47 | Duration [s] 96 | Length [m] 799
	 Track type Walk | Date 2024-01-01 | Time 13:51:23 | Duration [s] 78 | Length [m] 80
	 Track type Lift | Date 2024-01-01 | Time 13:52:41 | Duration [s] 283 | Length [m] 533
	 Track type Downhill | Date 2024-01-01 | Time 13:57:24 | Duration [s] 90 | Length [m] 804
	 Track type Walk | Date 2024-01-01 | Time 13:58:54 | Duration [s] 129 | Length [m] 136
	 Track type Lift | Date 2024-01-01 | Time 14:01:03 | Duration [s] 256 | Length [m] 485
	 Track type Downhill | Date 2024-01-01 | Time 14:05:19 | Duration [s] 97 | Length [m] 873
	 Track type Walk | Date 2024-01-01 | Time 14:06:56 | Duration [s] 65 | Length [m] 72
	 Track type Lift | Date 2024-01-01 | Time 14:08:01 | Duration [s] 285 | Length [m] 528
	 Track type Walk | Date 2024-01-01 | Time 14:12:46 | Duration [s] 54 | Length [m] 97
	 Track type Hold | Date 2024-01-01 | Time 14:13:40 | Duration [s] 55 | Length [m] 9
	 Track type Downhill | Date 2024-01-01 | Time 14:14:35 | Duration [s] 87 | Length [m] 795
	 Track type Walk | Date 2024-01-01 | Time 14:16:02 | Duration [s] 81 | Length [m] 77
	 Track type Lift | Date 2024-01-01 | Time 14:17:23 | Duration [s] 296 | Length [m] 572
	 Track type Downhill | Date 2024-01-01 | Time 14:22:19 | Duration [s] 62 | Length [m] 771
	 Track type Walk | Date 2024-01-01 | Time 14:23:21 | Duration [s] 55 | Length [m] 69
	 Track type Lift | Date 2024-01-01 | Time 14:24:16 | Duration [s] 318 | Length [m] 558
	 Track type Downhill | Date 2024-01-01 | Time 14:29:34 | Duration [s] 123 | Length [m] 848
	 Track type Lift | Date 2024-01-01 | Time 14:31:37 | Duration [s] 302 | Length [m] 588
	 Track type Downhill | Date 2024-01-01 | Time 14:36:39 | Duration [s] 106 | Length [m] 841
	 Track type Hold | Date 2024-01-01 | Time 14:38:25 | Duration [s] 94 | Length [m] 49
	 Track type Walk | Date 2024-01-01 | Time 14:39:59 | Duration [s] 49 | Length [m] 23
	 Track type Hold | Date 2024-01-01 | Time 14:40:48 | Duration [s] 242 | Length [m] 30
	 Track type Lift | Date 2024-01-01 | Time 14:44:50 | Duration [s] 343 | Length [m] 593
	 Track type Walk | Date 2024-01-01 | Time 14:50:33 | Duration [s] 94 | Length [m] 111
	 Track type Downhill | Date 2024-01-01 | Time 14:52:07 | Duration [s] 156 | Length [m] 800
	 Track type Hold | Date 2024-01-01 | Time 14:54:43 | Duration [s] 431 | Length [m] 94
	 Track type Lift | Date 2024-01-01 | Time 15:01:54 | Duration [s] 397 | Length [m] 659
	 Track type Downhill | Date 2024-01-01 | Time 15:08:31 | Duration [s] 156 | Length [m] 869
	 Track type Walk | Date 2024-01-01 | Time 15:11:07 | Duration [s] 86 | Length [m] 77
	 Track type Lift | Date 2024-01-01 | Time 15:12:33 | Duration [s] 270 | Length [m] 523
	 Track type Walk | Date 2024-01-01 | Time 15:17:03 | Duration [s] 50 | Length [m] 79
	 Track type Downhill | Date 2024-01-01 | Time 15:17:53 | Duration [s] 74 | Length [m] 791
	 Track type Walk | Date 2024-01-01 | Time 15:19:07 | Duration [s] 55 | Length [m] 56
	 Track type Hold | Date 2024-01-01 | Time 15:20:02 | Duration [s] 102 | Length [m] 17
	 Track type Walk | Date 2024-01-01 | Time 15:21:44 | Duration [s] 46 | Length [m] 44
	 Track type Lift | Date 2024-01-01 | Time 15:22:30 | Duration [s] 326 | Length [m] 600
	 Track type Downhill | Date 2024-01-01 | Time 15:27:56 | Duration [s] 116 | Length [m] 1056
	 Track type Hold | Date 2024-01-01 | Time 15:29:52 | Duration [s] 153 | Length [m] 26
	 Track type Downhill | Date 2024-01-01 | Time 15:32:25 | Duration [s] 21 | Length [m] 75
	 Track type Walk | Date 2024-01-01 | Time 15:32:46 | Duration [s] 56 | Length [m] 79
	 Track type Lift | Date 2024-01-01 | Time 15:33:42 | Duration [s] 275 | Length [m] 525
	 Track type Walk | Date 2024-01-01 | Time 15:38:17 | Duration [s] 69 | Length [m] 91
	 Track type Downhill | Date 2024-01-01 | Time 15:39:26 | Duration [s] 66 | Length [m] 769
	 Track type Walk | Date 2024-01-01 | Time 15:40:32 | Duration [s] 68 | Length [m] 75
	 Track type Lift | Date 2024-01-01 | Time 15:41:40 | Duration [s] 303 | Length [m] 558
	 Track type Downhill | Date 2024-01-01 | Time 15:46:43 | Duration [s] 124 | Length [m] 835
	 Track type Hold | Date 2024-01-01 | Time 15:48:47 | Duration [s] 166 | Length [m] 26
F6P Tracks
	 Track type Downhill | Date 2024-01-01 | Time 12:38:15 | Duration [s] 163 | Length [m] 524.14
	 Track type Downhill | Date 2024-01-01 | Time 12:53:36 | Duration [s] 83 | Length [m] 552.08
	 Track type Downhill | Date 2024-01-01 | Time 13:09:37 | Duration [s] 179 | Length [m] 1008.53
	 Track type Downhill | Date 2024-01-01 | Time 13:23:45 | Duration [s] 75 | Length [m] 816.37
	 Track type Downhill | Date 2024-01-01 | Time 13:35:14 | Duration [s] 66 | Length [m] 733.53
	 Track type Downhill | Date 2024-01-01 | Time 13:42:42 | Duration [s] 68 | Length [m] 732.13
	 Track type Downhill | Date 2024-01-01 | Time 13:50:13 | Duration [s] 65 | Length [m] 736.42
	 Track type Downhill | Date 2024-01-01 | Time 13:57:57 | Duration [s] 66 | Length [m] 736.78
	 Track type Downhill | Date 2024-01-01 | Time 14:06:01 | Duration [s] 74 | Length [m] 780.98
	 Track type Downhill | Date 2024-01-01 | Time 14:14:47 | Duration [s] 76 | Length [m] 799.92
	 Track type Downhill | Date 2024-01-01 | Time 14:22:32 | Duration [s] 86 | Length [m] 759.28
	 Track type Downhill | Date 2024-01-01 | Time 14:29:59 | Duration [s] 60 | Length [m] 727.49
	 Track type Downhill | Date 2024-01-01 | Time 14:37:08 | Duration [s] 69 | Length [m] 760.18
	 Track type Downhill | Date 2024-01-01 | Time 14:52:20 | Duration [s] 128 | Length [m] 793.0
	 Track type Downhill | Date 2024-01-01 | Time 15:08:56 | Duration [s] 62 | Length [m] 759.77
	 Track type Downhill | Date 2024-01-01 | Time 15:18:09 | Duration [s] 88 | Length [m] 933.47
	 Track type Downhill | Date 2024-01-01 | Time 15:28:46 | Duration [s] 69 | Length [m] 766.86
	 Track type Downhill | Date 2024-01-01 | Time 15:39:36 | Duration [s] 62 | Length [m] 711.23
	 Track type Downhill | Date 2024-01-01 | Time 15:47:07 | Duration [s] 84 | Length [m] 730.4
Tile Full Recording
	 Duration [s] 12264
Synchronized Tile Parameters
	Timestamp offset: 9000
	Altitude offset: 11.75
